{"/Users/surekha/Desktop/HR/whimsical/client/formatAddress.js": {"path":"/Users/surekha/Desktop/HR/whimsical/client/formatAddress.js","statementMap":{"0":{"start":{"line":2,"column":23},"end":{"line":2,"column":25}},"1":{"start":{"line":4,"column":2},"end":{"line":4,"column":37}},"2":{"start":{"line":5,"column":2},"end":{"line":7,"column":3}},"3":{"start":{"line":6,"column":4},"end":{"line":6,"column":39}},"4":{"start":{"line":8,"column":2},"end":{"line":8,"column":72}},"5":{"start":{"line":10,"column":2},"end":{"line":10,"column":33}}},"fnMap":{"0":{"name":"formatAddress","decl":{"start":{"line":1,"column":9},"end":{"line":1,"column":22}},"loc":{"start":{"line":1,"column":32},"end":{"line":11,"column":1}},"line":1}},"branchMap":{"0":{"loc":{"start":{"line":5,"column":2},"end":{"line":7,"column":3}},"type":"if","locations":[{"start":{"line":5,"column":2},"end":{"line":7,"column":3}},{"start":{},"end":{}}],"line":5}},"s":{"0":1,"1":1,"2":1,"3":1,"4":1,"5":1},"f":{"0":1},"b":{"0":[1,0]},"_coverageSchema":"1a1c01bbd47fc00a2c39e90264f33305004495a9","hash":"2672d66467af4a15c4eb50bb7bb342df349ad973"}
,"/Users/surekha/Desktop/HR/whimsical/client/components/Authentication/LoginContainer.jsx": {"path":"/Users/surekha/Desktop/HR/whimsical/client/components/Authentication/LoginContainer.jsx","statementMap":{"0":{"start":{"line":16,"column":23},"end":{"line":136,"column":1}},"1":{"start":{"line":18,"column":42},"end":{"line":18,"column":56}},"2":{"start":{"line":20,"column":54},"end":{"line":23,"column":4}},"3":{"start":{"line":24,"column":30},"end":{"line":24,"column":48}},"4":{"start":{"line":25,"column":28},"end":{"line":25,"column":40}},"5":{"start":{"line":27,"column":29},"end":{"line":30,"column":3}},"6":{"start":{"line":29,"column":4},"end":{"line":29,"column":73}},"7":{"start":{"line":33,"column":23},"end":{"line":36,"column":3}},"8":{"start":{"line":35,"column":4},"end":{"line":35,"column":61}},"9":{"start":{"line":35,"column":47},"end":{"line":35,"column":59}},"10":{"start":{"line":37,"column":23},"end":{"line":41,"column":3}},"11":{"start":{"line":39,"column":18},"end":{"line":39,"column":83}},"12":{"start":{"line":40,"column":4},"end":{"line":40,"column":27}},"13":{"start":{"line":42,"column":22},"end":{"line":52,"column":3}},"14":{"start":{"line":44,"column":4},"end":{"line":46,"column":5}},"15":{"start":{"line":45,"column":6},"end":{"line":45,"column":49}},"16":{"start":{"line":48,"column":4},"end":{"line":50,"column":5}},"17":{"start":{"line":49,"column":6},"end":{"line":49,"column":47}},"18":{"start":{"line":51,"column":4},"end":{"line":51,"column":16}},"19":{"start":{"line":55,"column":22},"end":{"line":77,"column":3}},"20":{"start":{"line":56,"column":4},"end":{"line":76,"column":9}},"21":{"start":{"line":58,"column":25},"end":{"line":58,"column":40}},"22":{"start":{"line":60,"column":8},"end":{"line":60,"column":40}},"23":{"start":{"line":64,"column":8},"end":{"line":64,"column":42}},"24":{"start":{"line":65,"column":8},"end":{"line":67,"column":9}},"25":{"start":{"line":66,"column":10},"end":{"line":66,"column":57}},"26":{"start":{"line":68,"column":8},"end":{"line":70,"column":9}},"27":{"start":{"line":69,"column":10},"end":{"line":69,"column":52}},"28":{"start":{"line":71,"column":8},"end":{"line":73,"column":9}},"29":{"start":{"line":72,"column":10},"end":{"line":72,"column":67}},"30":{"start":{"line":75,"column":8},"end":{"line":75,"column":99}},"31":{"start":{"line":80,"column":21},"end":{"line":93,"column":3}},"32":{"start":{"line":81,"column":4},"end":{"line":92,"column":5}},"33":{"start":{"line":85,"column":6},"end":{"line":85,"column":41}},"34":{"start":{"line":87,"column":6},"end":{"line":90,"column":9}},"35":{"start":{"line":91,"column":6},"end":{"line":91,"column":19}},"36":{"start":{"line":95,"column":2},"end":{"line":135,"column":4}},"37":{"start":{"line":107,"column":37},"end":{"line":107,"column":71}},"38":{"start":{"line":115,"column":37},"end":{"line":115,"column":74}},"39":{"start":{"line":130,"column":68},"end":{"line":130,"column":95}},"40":{"start":{"line":138,"column":15},"end":{"line":208,"column":2}}},"fnMap":{"0":{"name":"(anonymous_0)","decl":{"start":{"line":16,"column":23},"end":{"line":16,"column":24}},"loc":{"start":{"line":16,"column":43},"end":{"line":136,"column":1}},"line":16},"1":{"name":"(anonymous_1)","decl":{"start":{"line":27,"column":29},"end":{"line":27,"column":30}},"loc":{"start":{"line":27,"column":51},"end":{"line":30,"column":3}},"line":27},"2":{"name":"(anonymous_2)","decl":{"start":{"line":33,"column":23},"end":{"line":33,"column":24}},"loc":{"start":{"line":33,"column":32},"end":{"line":36,"column":3}},"line":33},"3":{"name":"(anonymous_3)","decl":{"start":{"line":35,"column":36},"end":{"line":35,"column":37}},"loc":{"start":{"line":35,"column":47},"end":{"line":35,"column":59}},"line":35},"4":{"name":"(anonymous_4)","decl":{"start":{"line":37,"column":23},"end":{"line":37,"column":24}},"loc":{"start":{"line":37,"column":32},"end":{"line":41,"column":3}},"line":37},"5":{"name":"(anonymous_5)","decl":{"start":{"line":42,"column":22},"end":{"line":42,"column":23}},"loc":{"start":{"line":42,"column":28},"end":{"line":52,"column":3}},"line":42},"6":{"name":"(anonymous_6)","decl":{"start":{"line":55,"column":22},"end":{"line":55,"column":23}},"loc":{"start":{"line":55,"column":49},"end":{"line":77,"column":3}},"line":55},"7":{"name":"(anonymous_7)","decl":{"start":{"line":57,"column":12},"end":{"line":57,"column":13}},"loc":{"start":{"line":57,"column":39},"end":{"line":61,"column":7}},"line":57},"8":{"name":"(anonymous_8)","decl":{"start":{"line":62,"column":13},"end":{"line":62,"column":14}},"loc":{"start":{"line":62,"column":22},"end":{"line":76,"column":7}},"line":62},"9":{"name":"(anonymous_9)","decl":{"start":{"line":80,"column":21},"end":{"line":80,"column":22}},"loc":{"start":{"line":80,"column":27},"end":{"line":93,"column":3}},"line":80},"10":{"name":"(anonymous_10)","decl":{"start":{"line":107,"column":26},"end":{"line":107,"column":27}},"loc":{"start":{"line":107,"column":37},"end":{"line":107,"column":71}},"line":107},"11":{"name":"(anonymous_11)","decl":{"start":{"line":115,"column":26},"end":{"line":115,"column":27}},"loc":{"start":{"line":115,"column":37},"end":{"line":115,"column":74}},"line":115},"12":{"name":"(anonymous_12)","decl":{"start":{"line":130,"column":62},"end":{"line":130,"column":63}},"loc":{"start":{"line":130,"column":68},"end":{"line":130,"column":95}},"line":130}},"branchMap":{"0":{"loc":{"start":{"line":44,"column":4},"end":{"line":46,"column":5}},"type":"if","locations":[{"start":{"line":44,"column":4},"end":{"line":46,"column":5}},{"start":{},"end":{}}],"line":44},"1":{"loc":{"start":{"line":48,"column":4},"end":{"line":50,"column":5}},"type":"if","locations":[{"start":{"line":48,"column":4},"end":{"line":50,"column":5}},{"start":{},"end":{}}],"line":48},"2":{"loc":{"start":{"line":65,"column":8},"end":{"line":67,"column":9}},"type":"if","locations":[{"start":{"line":65,"column":8},"end":{"line":67,"column":9}},{"start":{},"end":{}}],"line":65},"3":{"loc":{"start":{"line":68,"column":8},"end":{"line":70,"column":9}},"type":"if","locations":[{"start":{"line":68,"column":8},"end":{"line":70,"column":9}},{"start":{},"end":{}}],"line":68},"4":{"loc":{"start":{"line":71,"column":8},"end":{"line":73,"column":9}},"type":"if","locations":[{"start":{"line":71,"column":8},"end":{"line":73,"column":9}},{"start":{},"end":{}}],"line":71},"5":{"loc":{"start":{"line":81,"column":4},"end":{"line":92,"column":5}},"type":"if","locations":[{"start":{"line":81,"column":4},"end":{"line":92,"column":5}},{"start":{},"end":{}}],"line":81},"6":{"loc":{"start":{"line":100,"column":11},"end":{"line":100,"column":85}},"type":"cond-expr","locations":[{"start":{"line":100,"column":19},"end":{"line":100,"column":78}},{"start":{"line":100,"column":81},"end":{"line":100,"column":85}}],"line":100}},"s":{"0":1,"1":6,"2":6,"3":6,"4":6,"5":6,"6":2,"7":6,"8":1,"9":2,"10":6,"11":1,"12":1,"13":6,"14":1,"15":0,"16":1,"17":0,"18":1,"19":6,"20":1,"21":0,"22":0,"23":0,"24":0,"25":0,"26":0,"27":0,"28":0,"29":0,"30":0,"31":6,"32":1,"33":1,"34":1,"35":1,"36":6,"37":1,"38":1,"39":1,"40":1},"f":{"0":6,"1":2,"2":1,"3":2,"4":1,"5":1,"6":1,"7":0,"8":0,"9":1,"10":1,"11":1,"12":1},"b":{"0":[0,1],"1":[0,1],"2":[0,0],"3":[0,0],"4":[0,0],"5":[1,0],"6":[0,6]},"_coverageSchema":"1a1c01bbd47fc00a2c39e90264f33305004495a9","hash":"d078d1cc38e5342d1280c1c75ac2f45eda3f5366"}
,"/Users/surekha/Desktop/HR/whimsical/client/components/Authentication/RegisterContainer.jsx": {"path":"/Users/surekha/Desktop/HR/whimsical/client/components/Authentication/RegisterContainer.jsx","statementMap":{"0":{"start":{"line":17,"column":26},"end":{"line":247,"column":1}},"1":{"start":{"line":18,"column":34},"end":{"line":28,"column":4}},"2":{"start":{"line":39,"column":6},"end":{"line":39,"column":14}},"3":{"start":{"line":40,"column":28},"end":{"line":40,"column":40}},"4":{"start":{"line":43,"column":42},"end":{"line":43,"column":56}},"5":{"start":{"line":44,"column":26},"end":{"line":44,"column":36}},"6":{"start":{"line":46,"column":29},"end":{"line":49,"column":3}},"7":{"start":{"line":48,"column":4},"end":{"line":48,"column":53}},"8":{"start":{"line":52,"column":23},"end":{"line":55,"column":3}},"9":{"start":{"line":54,"column":4},"end":{"line":54,"column":61}},"10":{"start":{"line":54,"column":47},"end":{"line":54,"column":59}},"11":{"start":{"line":56,"column":23},"end":{"line":60,"column":3}},"12":{"start":{"line":58,"column":18},"end":{"line":58,"column":83}},"13":{"start":{"line":59,"column":4},"end":{"line":59,"column":27}},"14":{"start":{"line":61,"column":22},"end":{"line":79,"column":3}},"15":{"start":{"line":63,"column":4},"end":{"line":65,"column":5}},"16":{"start":{"line":64,"column":6},"end":{"line":64,"column":49}},"17":{"start":{"line":67,"column":4},"end":{"line":69,"column":5}},"18":{"start":{"line":68,"column":6},"end":{"line":68,"column":47}},"19":{"start":{"line":71,"column":4},"end":{"line":73,"column":5}},"20":{"start":{"line":72,"column":6},"end":{"line":72,"column":64}},"21":{"start":{"line":75,"column":4},"end":{"line":77,"column":5}},"22":{"start":{"line":76,"column":6},"end":{"line":76,"column":47}},"23":{"start":{"line":78,"column":4},"end":{"line":78,"column":16}},"24":{"start":{"line":82,"column":23},"end":{"line":93,"column":3}},"25":{"start":{"line":84,"column":4},"end":{"line":92,"column":9}},"26":{"start":{"line":88,"column":8},"end":{"line":88,"column":44}},"27":{"start":{"line":91,"column":8},"end":{"line":91,"column":25}},"28":{"start":{"line":96,"column":23},"end":{"line":114,"column":3}},"29":{"start":{"line":98,"column":4},"end":{"line":113,"column":9}},"30":{"start":{"line":100,"column":25},"end":{"line":100,"column":40}},"31":{"start":{"line":103,"column":8},"end":{"line":103,"column":40}},"32":{"start":{"line":107,"column":8},"end":{"line":109,"column":9}},"33":{"start":{"line":108,"column":10},"end":{"line":108,"column":57}},"34":{"start":{"line":110,"column":8},"end":{"line":112,"column":9}},"35":{"start":{"line":111,"column":10},"end":{"line":111,"column":98}},"36":{"start":{"line":117,"column":21},"end":{"line":148,"column":3}},"37":{"start":{"line":118,"column":4},"end":{"line":147,"column":5}},"38":{"start":{"line":120,"column":6},"end":{"line":133,"column":8}},"39":{"start":{"line":135,"column":6},"end":{"line":145,"column":9}},"40":{"start":{"line":146,"column":6},"end":{"line":146,"column":19}},"41":{"start":{"line":150,"column":2},"end":{"line":246,"column":4}},"42":{"start":{"line":163,"column":35},"end":{"line":163,"column":68}},"43":{"start":{"line":171,"column":35},"end":{"line":171,"column":77}},"44":{"start":{"line":179,"column":35},"end":{"line":179,"column":68}},"45":{"start":{"line":187,"column":35},"end":{"line":187,"column":69}},"46":{"start":{"line":195,"column":35},"end":{"line":195,"column":71}},"47":{"start":{"line":203,"column":35},"end":{"line":203,"column":72}},"48":{"start":{"line":211,"column":35},"end":{"line":211,"column":69}},"49":{"start":{"line":219,"column":35},"end":{"line":219,"column":72}},"50":{"start":{"line":228,"column":35},"end":{"line":228,"column":79}},"51":{"start":{"line":243,"column":60},"end":{"line":243,"column":88}},"52":{"start":{"line":249,"column":15},"end":{"line":308,"column":2}}},"fnMap":{"0":{"name":"(anonymous_0)","decl":{"start":{"line":17,"column":26},"end":{"line":17,"column":27}},"loc":{"start":{"line":17,"column":46},"end":{"line":247,"column":1}},"line":17},"1":{"name":"(anonymous_1)","decl":{"start":{"line":46,"column":29},"end":{"line":46,"column":30}},"loc":{"start":{"line":46,"column":51},"end":{"line":49,"column":3}},"line":46},"2":{"name":"(anonymous_2)","decl":{"start":{"line":52,"column":23},"end":{"line":52,"column":24}},"loc":{"start":{"line":52,"column":32},"end":{"line":55,"column":3}},"line":52},"3":{"name":"(anonymous_3)","decl":{"start":{"line":54,"column":36},"end":{"line":54,"column":37}},"loc":{"start":{"line":54,"column":47},"end":{"line":54,"column":59}},"line":54},"4":{"name":"(anonymous_4)","decl":{"start":{"line":56,"column":23},"end":{"line":56,"column":24}},"loc":{"start":{"line":56,"column":32},"end":{"line":60,"column":3}},"line":56},"5":{"name":"(anonymous_5)","decl":{"start":{"line":61,"column":22},"end":{"line":61,"column":23}},"loc":{"start":{"line":61,"column":28},"end":{"line":79,"column":3}},"line":61},"6":{"name":"(anonymous_6)","decl":{"start":{"line":82,"column":23},"end":{"line":82,"column":24}},"loc":{"start":{"line":82,"column":48},"end":{"line":93,"column":3}},"line":82},"7":{"name":"(anonymous_7)","decl":{"start":{"line":85,"column":12},"end":{"line":85,"column":13}},"loc":{"start":{"line":85,"column":21},"end":{"line":89,"column":7}},"line":85},"8":{"name":"(anonymous_8)","decl":{"start":{"line":90,"column":13},"end":{"line":90,"column":14}},"loc":{"start":{"line":90,"column":22},"end":{"line":92,"column":7}},"line":90},"9":{"name":"(anonymous_9)","decl":{"start":{"line":96,"column":23},"end":{"line":96,"column":24}},"loc":{"start":{"line":96,"column":50},"end":{"line":114,"column":3}},"line":96},"10":{"name":"(anonymous_10)","decl":{"start":{"line":99,"column":12},"end":{"line":99,"column":13}},"loc":{"start":{"line":99,"column":33},"end":{"line":104,"column":7}},"line":99},"11":{"name":"(anonymous_11)","decl":{"start":{"line":105,"column":13},"end":{"line":105,"column":14}},"loc":{"start":{"line":105,"column":22},"end":{"line":113,"column":7}},"line":105},"12":{"name":"(anonymous_12)","decl":{"start":{"line":117,"column":21},"end":{"line":117,"column":22}},"loc":{"start":{"line":117,"column":27},"end":{"line":148,"column":3}},"line":117},"13":{"name":"(anonymous_13)","decl":{"start":{"line":163,"column":24},"end":{"line":163,"column":25}},"loc":{"start":{"line":163,"column":35},"end":{"line":163,"column":68}},"line":163},"14":{"name":"(anonymous_14)","decl":{"start":{"line":171,"column":24},"end":{"line":171,"column":25}},"loc":{"start":{"line":171,"column":35},"end":{"line":171,"column":77}},"line":171},"15":{"name":"(anonymous_15)","decl":{"start":{"line":179,"column":24},"end":{"line":179,"column":25}},"loc":{"start":{"line":179,"column":35},"end":{"line":179,"column":68}},"line":179},"16":{"name":"(anonymous_16)","decl":{"start":{"line":187,"column":24},"end":{"line":187,"column":25}},"loc":{"start":{"line":187,"column":35},"end":{"line":187,"column":69}},"line":187},"17":{"name":"(anonymous_17)","decl":{"start":{"line":195,"column":24},"end":{"line":195,"column":25}},"loc":{"start":{"line":195,"column":35},"end":{"line":195,"column":71}},"line":195},"18":{"name":"(anonymous_18)","decl":{"start":{"line":203,"column":24},"end":{"line":203,"column":25}},"loc":{"start":{"line":203,"column":35},"end":{"line":203,"column":72}},"line":203},"19":{"name":"(anonymous_19)","decl":{"start":{"line":211,"column":24},"end":{"line":211,"column":25}},"loc":{"start":{"line":211,"column":35},"end":{"line":211,"column":69}},"line":211},"20":{"name":"(anonymous_20)","decl":{"start":{"line":219,"column":24},"end":{"line":219,"column":25}},"loc":{"start":{"line":219,"column":35},"end":{"line":219,"column":72}},"line":219},"21":{"name":"(anonymous_21)","decl":{"start":{"line":228,"column":24},"end":{"line":228,"column":25}},"loc":{"start":{"line":228,"column":35},"end":{"line":228,"column":79}},"line":228},"22":{"name":"(anonymous_22)","decl":{"start":{"line":243,"column":54},"end":{"line":243,"column":55}},"loc":{"start":{"line":243,"column":60},"end":{"line":243,"column":88}},"line":243}},"branchMap":{"0":{"loc":{"start":{"line":63,"column":4},"end":{"line":65,"column":5}},"type":"if","locations":[{"start":{"line":63,"column":4},"end":{"line":65,"column":5}},{"start":{},"end":{}}],"line":63},"1":{"loc":{"start":{"line":67,"column":4},"end":{"line":69,"column":5}},"type":"if","locations":[{"start":{"line":67,"column":4},"end":{"line":69,"column":5}},{"start":{},"end":{}}],"line":67},"2":{"loc":{"start":{"line":71,"column":4},"end":{"line":73,"column":5}},"type":"if","locations":[{"start":{"line":71,"column":4},"end":{"line":73,"column":5}},{"start":{},"end":{}}],"line":71},"3":{"loc":{"start":{"line":71,"column":8},"end":{"line":71,"column":47}},"type":"binary-expr","locations":[{"start":{"line":71,"column":8},"end":{"line":71,"column":24}},{"start":{"line":71,"column":28},"end":{"line":71,"column":47}}],"line":71},"4":{"loc":{"start":{"line":75,"column":4},"end":{"line":77,"column":5}},"type":"if","locations":[{"start":{"line":75,"column":4},"end":{"line":77,"column":5}},{"start":{},"end":{}}],"line":75},"5":{"loc":{"start":{"line":82,"column":24},"end":{"line":82,"column":32}},"type":"default-arg","locations":[{"start":{"line":82,"column":30},"end":{"line":82,"column":32}}],"line":82},"6":{"loc":{"start":{"line":82,"column":34},"end":{"line":82,"column":43}},"type":"default-arg","locations":[{"start":{"line":82,"column":41},"end":{"line":82,"column":43}}],"line":82},"7":{"loc":{"start":{"line":107,"column":8},"end":{"line":109,"column":9}},"type":"if","locations":[{"start":{"line":107,"column":8},"end":{"line":109,"column":9}},{"start":{},"end":{}}],"line":107},"8":{"loc":{"start":{"line":110,"column":8},"end":{"line":112,"column":9}},"type":"if","locations":[{"start":{"line":110,"column":8},"end":{"line":112,"column":9}},{"start":{},"end":{}}],"line":110},"9":{"loc":{"start":{"line":118,"column":4},"end":{"line":147,"column":5}},"type":"if","locations":[{"start":{"line":118,"column":4},"end":{"line":147,"column":5}},{"start":{},"end":{}}],"line":118},"10":{"loc":{"start":{"line":157,"column":9},"end":{"line":157,"column":65}},"type":"cond-expr","locations":[{"start":{"line":157,"column":17},"end":{"line":157,"column":58}},{"start":{"line":157,"column":61},"end":{"line":157,"column":65}}],"line":157}},"s":{"0":1,"1":13,"2":13,"3":13,"4":13,"5":13,"6":13,"7":9,"8":13,"9":1,"10":9,"11":13,"12":1,"13":1,"14":13,"15":1,"16":0,"17":1,"18":0,"19":1,"20":0,"21":1,"22":0,"23":1,"24":13,"25":1,"26":0,"27":0,"28":13,"29":0,"30":0,"31":0,"32":0,"33":0,"34":0,"35":0,"36":13,"37":1,"38":1,"39":1,"40":1,"41":13,"42":1,"43":1,"44":1,"45":1,"46":1,"47":1,"48":1,"49":1,"50":1,"51":1,"52":1},"f":{"0":13,"1":9,"2":1,"3":9,"4":1,"5":1,"6":1,"7":0,"8":0,"9":0,"10":0,"11":0,"12":1,"13":1,"14":1,"15":1,"16":1,"17":1,"18":1,"19":1,"20":1,"21":1,"22":1},"b":{"0":[0,1],"1":[0,1],"2":[0,1],"3":[1,1],"4":[0,1],"5":[0],"6":[0],"7":[0,0],"8":[0,0],"9":[1,0],"10":[0,13]},"_coverageSchema":"1a1c01bbd47fc00a2c39e90264f33305004495a9","hash":"9881377ce9a34491fbb1db0e7dfb268d6646dafc"}
,"/Users/surekha/Desktop/HR/whimsical/client/components/NavBar/NavBarContainer.jsx": {"path":"/Users/surekha/Desktop/HR/whimsical/client/components/NavBar/NavBarContainer.jsx","statementMap":{"0":{"start":{"line":13,"column":24},"end":{"line":38,"column":1}},"1":{"start":{"line":14,"column":2},"end":{"line":37,"column":4}},"2":{"start":{"line":18,"column":65},"end":{"line":18,"column":95}},"3":{"start":{"line":22,"column":79},"end":{"line":22,"column":107}},"4":{"start":{"line":26,"column":67},"end":{"line":26,"column":97}},"5":{"start":{"line":30,"column":87},"end":{"line":30,"column":120}},"6":{"start":{"line":34,"column":65},"end":{"line":34,"column":97}},"7":{"start":{"line":40,"column":15},"end":{"line":48,"column":2}}},"fnMap":{"0":{"name":"(anonymous_0)","decl":{"start":{"line":13,"column":24},"end":{"line":13,"column":25}},"loc":{"start":{"line":13,"column":44},"end":{"line":38,"column":1}},"line":13},"1":{"name":"(anonymous_1)","decl":{"start":{"line":18,"column":59},"end":{"line":18,"column":60}},"loc":{"start":{"line":18,"column":65},"end":{"line":18,"column":95}},"line":18},"2":{"name":"(anonymous_2)","decl":{"start":{"line":22,"column":73},"end":{"line":22,"column":74}},"loc":{"start":{"line":22,"column":79},"end":{"line":22,"column":107}},"line":22},"3":{"name":"(anonymous_3)","decl":{"start":{"line":26,"column":61},"end":{"line":26,"column":62}},"loc":{"start":{"line":26,"column":67},"end":{"line":26,"column":97}},"line":26},"4":{"name":"(anonymous_4)","decl":{"start":{"line":30,"column":81},"end":{"line":30,"column":82}},"loc":{"start":{"line":30,"column":87},"end":{"line":30,"column":120}},"line":30},"5":{"name":"(anonymous_5)","decl":{"start":{"line":34,"column":59},"end":{"line":34,"column":60}},"loc":{"start":{"line":34,"column":65},"end":{"line":34,"column":97}},"line":34}},"branchMap":{},"s":{"0":2,"1":10,"2":1,"3":1,"4":1,"5":1,"6":1,"7":2},"f":{"0":10,"1":1,"2":1,"3":1,"4":1,"5":1},"b":{},"_coverageSchema":"1a1c01bbd47fc00a2c39e90264f33305004495a9","hash":"d86fc7dad64b699cc1468a28863366af16198baf"}
,"/Users/surekha/Desktop/HR/whimsical/client/config/firebase.js": {"path":"/Users/surekha/Desktop/HR/whimsical/client/config/firebase.js","statementMap":{"0":{"start":{"line":13,"column":23},"end":{"line":20,"column":1}},"1":{"start":{"line":21,"column":0},"end":{"line":21,"column":28}},"2":{"start":{"line":22,"column":0},"end":{"line":22,"column":30}},"3":{"start":{"line":23,"column":13},"end":{"line":23,"column":22}}},"fnMap":{},"branchMap":{},"s":{"0":2,"1":2,"2":2,"3":2},"f":{},"b":{},"_coverageSchema":"1a1c01bbd47fc00a2c39e90264f33305004495a9","hash":"42ad6fe9496353c66af24275b66c47d33843af5f"}
}
