TN:
SF:formatAddress.js
FN:1,formatAddress
FNF:1
FNH:1
FNDA:1,formatAddress
DA:2,1
DA:4,1
DA:5,1
DA:6,1
DA:8,1
DA:10,1
LF:6
LH:6
BRDA:5,0,0,1
BRDA:5,0,1,0
BRF:2
BRH:1
end_of_record
TN:
SF:components/Authentication/LoginContainer.jsx
FN:16,(anonymous_0)
FN:22,(anonymous_1)
FN:39,(anonymous_2)
FN:45,(anonymous_3)
FN:47,(anonymous_4)
FN:49,(anonymous_5)
FN:54,(anonymous_6)
FN:67,(anonymous_7)
FN:69,(anonymous_8)
FN:75,(anonymous_9)
FN:92,(anonymous_10)
FN:121,(anonymous_11)
FN:129,(anonymous_12)
FN:144,(anonymous_13)
FNF:14
FNH:10
FNDA:5,(anonymous_0)
FNDA:0,(anonymous_1)
FNDA:2,(anonymous_2)
FNDA:1,(anonymous_3)
FNDA:2,(anonymous_4)
FNDA:1,(anonymous_5)
FNDA:1,(anonymous_6)
FNDA:1,(anonymous_7)
FNDA:0,(anonymous_8)
FNDA:0,(anonymous_9)
FNDA:1,(anonymous_10)
FNDA:1,(anonymous_11)
FNDA:1,(anonymous_12)
FNDA:0,(anonymous_13)
DA:16,1
DA:18,5
DA:19,5
DA:22,5
DA:23,0
DA:24,0
DA:32,5
DA:36,5
DA:37,5
DA:39,5
DA:41,2
DA:45,5
DA:47,2
DA:49,5
DA:51,1
DA:52,1
DA:54,5
DA:56,1
DA:57,0
DA:60,1
DA:61,0
DA:63,1
DA:67,5
DA:68,1
DA:70,0
DA:71,0
DA:73,0
DA:76,0
DA:77,0
DA:78,0
DA:79,0
DA:81,0
DA:82,0
DA:84,0
DA:85,0
DA:87,0
DA:92,5
DA:93,1
DA:95,1
DA:97,1
DA:99,1
DA:103,1
DA:109,5
DA:121,1
DA:129,1
DA:144,0
DA:156,1
LF:47
LH:30
BRDA:24,0,0,0
BRDA:24,0,1,0
BRDA:56,1,0,0
BRDA:56,1,1,1
BRDA:60,2,0,0
BRDA:60,2,1,1
BRDA:78,3,0,0
BRDA:78,3,1,0
BRDA:81,4,0,0
BRDA:81,4,1,0
BRDA:84,5,0,0
BRDA:84,5,1,0
BRDA:93,6,0,1
BRDA:93,6,1,0
BRDA:114,7,0,0
BRDA:114,7,1,5
BRF:16
BRH:4
end_of_record
TN:
SF:components/Authentication/RegisterContainer.jsx
FN:17,(anonymous_0)
FN:46,(anonymous_1)
FN:57,(anonymous_2)
FN:63,(anonymous_3)
FN:65,(anonymous_4)
FN:67,(anonymous_5)
FN:72,(anonymous_6)
FN:93,postUserData
FN:107,(anonymous_8)
FN:110,(anonymous_9)
FN:116,(anonymous_10)
FN:125,(anonymous_11)
FN:141,(anonymous_12)
FN:146,(anonymous_13)
FN:178,(anonymous_14)
FN:186,(anonymous_15)
FN:194,(anonymous_16)
FN:202,(anonymous_17)
FN:210,(anonymous_18)
FN:218,(anonymous_19)
FN:226,(anonymous_20)
FN:234,(anonymous_21)
FN:243,(anonymous_22)
FN:258,(anonymous_23)
FNF:24
FNH:18
FNDA:12,(anonymous_0)
FNDA:0,(anonymous_1)
FNDA:9,(anonymous_2)
FNDA:1,(anonymous_3)
FNDA:9,(anonymous_4)
FNDA:1,(anonymous_5)
FNDA:1,(anonymous_6)
FNDA:1,postUserData
FNDA:0,(anonymous_8)
FNDA:0,(anonymous_9)
FNDA:0,(anonymous_10)
FNDA:1,(anonymous_11)
FNDA:0,(anonymous_12)
FNDA:1,(anonymous_13)
FNDA:1,(anonymous_14)
FNDA:1,(anonymous_15)
FNDA:1,(anonymous_16)
FNDA:1,(anonymous_17)
FNDA:1,(anonymous_18)
FNDA:1,(anonymous_19)
FNDA:1,(anonymous_20)
FNDA:1,(anonymous_21)
FNDA:1,(anonymous_22)
FNDA:0,(anonymous_23)
DA:17,1
DA:18,12
DA:39,12
DA:40,12
DA:43,12
DA:44,12
DA:46,12
DA:47,0
DA:48,0
DA:57,12
DA:59,9
DA:63,12
DA:65,9
DA:67,12
DA:69,1
DA:70,1
DA:72,12
DA:74,1
DA:75,0
DA:78,1
DA:79,0
DA:82,1
DA:83,0
DA:86,1
DA:87,0
DA:89,1
DA:96,1
DA:103,0
DA:107,12
DA:108,0
DA:109,0
DA:111,0
DA:112,0
DA:114,0
DA:117,0
DA:118,0
DA:119,0
DA:125,12
DA:126,1
DA:128,1
DA:142,0
DA:144,0
DA:147,1
DA:150,1
DA:161,1
DA:165,12
DA:178,1
DA:186,1
DA:194,1
DA:202,1
DA:210,1
DA:218,1
DA:226,1
DA:234,1
DA:243,1
DA:258,0
DA:264,1
LF:57
LH:39
BRDA:48,0,0,0
BRDA:48,0,1,0
BRDA:74,1,0,0
BRDA:74,1,1,1
BRDA:78,2,0,0
BRDA:78,2,1,1
BRDA:82,3,0,0
BRDA:82,3,1,1
BRDA:82,4,0,1
BRDA:82,4,1,1
BRDA:86,5,0,0
BRDA:86,5,1,1
BRDA:93,6,0,0
BRDA:93,7,0,0
BRDA:118,8,0,0
BRDA:118,8,1,0
BRDA:126,9,0,1
BRDA:126,9,1,0
BRDA:172,10,0,0
BRDA:172,10,1,12
BRF:20
BRH:8
end_of_record
TN:
SF:components/NavBar/NavBarContainer.jsx
FN:13,(anonymous_0)
FN:19,(anonymous_1)
FN:23,(anonymous_2)
FN:27,(anonymous_3)
FN:31,(anonymous_4)
FN:35,(anonymous_5)
FNF:6
FNH:1
FNDA:5,(anonymous_0)
FNDA:0,(anonymous_1)
FNDA:0,(anonymous_2)
FNDA:0,(anonymous_3)
FNDA:0,(anonymous_4)
FNDA:0,(anonymous_5)
DA:13,1
DA:14,5
DA:19,0
DA:23,0
DA:27,0
DA:31,0
DA:35,0
DA:44,1
LF:8
LH:3
BRF:0
BRH:0
end_of_record
TN:
SF:config/firebase.js
FNF:0
FNH:0
DA:16,2
DA:24,2
DA:25,2
DA:26,2
LF:4
LH:4
BRF:0
BRH:0
end_of_record
