TN:
SF:formatAddress.js
FN:1,formatAddress
FNF:1
FNH:1
FNDA:1,formatAddress
DA:2,1
DA:4,1
DA:5,1
DA:6,1
DA:8,1
DA:10,1
LF:6
LH:6
BRDA:5,0,0,1
BRDA:5,0,1,0
BRF:2
BRH:1
end_of_record
TN:
SF:assets/icons/minilogo.png
FNF:0
FNH:0
DA:1,1
LF:1
LH:1
BRF:0
BRH:0
end_of_record
TN:
SF:assets/icons/red-pin.png
FNF:0
FNH:0
DA:1,1
LF:1
LH:1
BRF:0
BRH:0
end_of_record
TN:
SF:assets/icons/star.png
FNF:0
FNH:0
DA:1,1
LF:1
LH:1
BRF:0
BRH:0
end_of_record
TN:
SF:assets/images/cat-user.png
FNF:0
FNH:0
DA:1,1
LF:1
LH:1
BRF:0
BRH:0
end_of_record
TN:
SF:assets/images/dog-user.png
FNF:0
FNH:0
DA:1,1
LF:1
LH:1
BRF:0
BRH:0
end_of_record
TN:
SF:components/Authentication/LoginContainer.jsx
FN:19,(anonymous_0)
FN:30,(anonymous_1)
FN:36,(anonymous_2)
FN:38,(anonymous_3)
FN:40,(anonymous_4)
FN:46,(anonymous_5)
FN:59,(anonymous_6)
FN:61,(anonymous_7)
FN:66,(anonymous_8)
FN:89,(anonymous_9)
FN:128,(anonymous_10)
FN:139,(anonymous_11)
FN:174,(anonymous_12)
FNF:13
FNH:11
FNDA:6,(anonymous_0)
FNDA:2,(anonymous_1)
FNDA:1,(anonymous_2)
FNDA:2,(anonymous_3)
FNDA:1,(anonymous_4)
FNDA:1,(anonymous_5)
FNDA:1,(anonymous_6)
FNDA:0,(anonymous_7)
FNDA:0,(anonymous_8)
FNDA:1,(anonymous_9)
FNDA:1,(anonymous_10)
FNDA:1,(anonymous_11)
FNDA:1,(anonymous_12)
DA:19,1
DA:21,6
DA:23,6
DA:27,6
DA:28,6
DA:30,6
DA:32,2
DA:36,6
DA:38,2
DA:40,6
DA:43,1
DA:44,1
DA:46,6
DA:48,1
DA:49,0
DA:52,1
DA:53,0
DA:55,1
DA:59,6
DA:60,1
DA:62,0
DA:64,0
DA:68,0
DA:69,0
DA:73,0
DA:75,0
DA:76,0
DA:78,0
DA:79,0
DA:82,0
DA:89,6
DA:90,1
DA:94,1
DA:96,1
DA:100,1
DA:104,6
DA:128,1
DA:139,1
DA:174,1
DA:184,1
LF:40
LH:28
BRDA:48,0,0,0
BRDA:48,0,1,1
BRDA:52,1,0,0
BRDA:52,1,1,1
BRDA:69,2,0,0
BRDA:69,2,1,0
BRDA:75,3,0,0
BRDA:75,3,1,0
BRDA:78,4,0,0
BRDA:78,4,1,0
BRDA:90,5,0,1
BRDA:90,5,1,0
BRDA:114,6,0,0
BRDA:114,6,1,6
BRF:14
BRH:4
end_of_record
TN:
SF:components/Authentication/RegisterContainer.jsx
FN:18,(anonymous_0)
FN:47,(anonymous_1)
FN:53,(anonymous_2)
FN:55,(anonymous_3)
FN:57,(anonymous_4)
FN:63,(anonymous_5)
FN:84,(anonymous_6)
FN:88,(anonymous_7)
FN:93,(anonymous_8)
FN:99,(anonymous_9)
FN:102,(anonymous_10)
FN:108,(anonymous_11)
FN:125,(anonymous_12)
FN:175,(anonymous_13)
FN:186,(anonymous_14)
FN:197,(anonymous_15)
FN:208,(anonymous_16)
FN:219,(anonymous_17)
FN:230,(anonymous_18)
FN:241,(anonymous_19)
FN:252,(anonymous_20)
FN:264,(anonymous_21)
FN:284,(anonymous_22)
FNF:23
FNH:19
FNDA:13,(anonymous_0)
FNDA:9,(anonymous_1)
FNDA:1,(anonymous_2)
FNDA:9,(anonymous_3)
FNDA:1,(anonymous_4)
FNDA:1,(anonymous_5)
FNDA:1,(anonymous_6)
FNDA:0,(anonymous_7)
FNDA:1,(anonymous_8)
FNDA:0,(anonymous_9)
FNDA:0,(anonymous_10)
FNDA:0,(anonymous_11)
FNDA:1,(anonymous_12)
FNDA:1,(anonymous_13)
FNDA:1,(anonymous_14)
FNDA:1,(anonymous_15)
FNDA:1,(anonymous_16)
FNDA:1,(anonymous_17)
FNDA:1,(anonymous_18)
FNDA:1,(anonymous_19)
FNDA:1,(anonymous_20)
FNDA:1,(anonymous_21)
FNDA:1,(anonymous_22)
DA:18,1
DA:19,13
DA:40,13
DA:41,13
DA:44,13
DA:45,13
DA:47,13
DA:49,9
DA:53,13
DA:55,9
DA:57,13
DA:60,1
DA:61,1
DA:63,13
DA:65,1
DA:66,0
DA:69,1
DA:70,0
DA:73,1
DA:74,0
DA:77,1
DA:78,0
DA:80,1
DA:84,13
DA:86,1
DA:91,0
DA:94,1
DA:99,13
DA:101,0
DA:103,0
DA:106,0
DA:110,0
DA:114,0
DA:116,0
DA:117,0
DA:125,13
DA:126,1
DA:128,1
DA:143,1
DA:154,1
DA:158,13
DA:175,1
DA:186,1
DA:197,1
DA:208,1
DA:219,1
DA:230,1
DA:241,1
DA:252,1
DA:265,1
DA:284,1
DA:294,1
LF:52
LH:40
BRDA:65,0,0,0
BRDA:65,0,1,1
BRDA:69,1,0,0
BRDA:69,1,1,1
BRDA:73,2,0,0
BRDA:73,2,1,1
BRDA:73,3,0,1
BRDA:73,3,1,1
BRDA:77,4,0,0
BRDA:77,4,1,1
BRDA:84,5,0,0
BRDA:84,6,0,0
BRDA:110,7,0,0
BRDA:110,7,1,0
BRDA:116,8,0,0
BRDA:116,8,1,0
BRDA:126,9,0,1
BRDA:126,9,1,0
BRDA:166,10,0,0
BRDA:166,10,1,13
BRF:20
BRH:8
end_of_record
TN:
SF:components/NavBar/NavBarContainer.jsx
FN:13,(anonymous_0)
FN:18,(anonymous_1)
FN:24,(anonymous_2)
FN:31,(anonymous_3)
FN:38,(anonymous_4)
FN:45,(anonymous_5)
FNF:6
FNH:6
FNDA:10,(anonymous_0)
FNDA:1,(anonymous_1)
FNDA:1,(anonymous_2)
FNDA:1,(anonymous_3)
FNDA:1,(anonymous_4)
FNDA:1,(anonymous_5)
DA:13,2
DA:14,10
DA:18,1
DA:24,1
DA:31,1
DA:38,1
DA:45,1
DA:54,2
LF:8
LH:8
BRF:0
BRH:0
end_of_record
TN:
SF:config/firebase.js
FNF:0
FNH:0
DA:13,2
DA:21,2
DA:22,2
DA:23,2
LF:4
LH:4
BRF:0
BRH:0
end_of_record
TN:
SF:constants/icons.js
FNF:0
FNH:0
DA:2,1
DA:3,1
LF:2
LH:2
BRF:0
BRH:0
end_of_record
TN:
SF:constants/images.js
FNF:0
FNH:0
DA:2,1
DA:3,1
LF:2
LH:2
BRF:0
BRH:0
end_of_record
TN:
SF:constants/index.js
FNF:0
FNH:0
LF:0
LH:0
BRF:0
BRH:0
end_of_record
TN:
SF:constants/theme.js
FNF:0
FNH:0
DA:3,1
DA:5,1
DA:19,1
DA:40,1
LF:4
LH:4
BRF:0
BRH:0
end_of_record
